
> bot-wa@0.1.0 start
> node dist/main.js

[32m[Nest] 14792  - [39m06/13/2026, 7:43:35 PM [32m    LOG[39m [38;5;3m[NestFactory] [39m[32mStarting Nest application...[39m
[32m[Nest] 14792  - [39m06/13/2026, 7:43:35 PM [32m    LOG[39m [38;5;3m[InstanceLoader] [39m[32mAppModule dependencies initialized[39m[38;5;3m +23ms[39m
[32m[Nest] 14792  - [39m06/13/2026, 7:43:35 PM [32m    LOG[39m [38;5;3m[InstanceLoader] [39m[32mPrismaModule dependencies initialized[39m[38;5;3m +1ms[39m
[32m[Nest] 14792  - [39m06/13/2026, 7:43:35 PM [32m    LOG[39m [38;5;3m[InstanceLoader] [39m[32mMessagesModule dependencies initialized[39m[38;5;3m +1ms[39m
[32m[Nest] 14792  - [39m06/13/2026, 7:43:36 PM [32m    LOG[39m [38;5;3m[InstanceLoader] [39m[32mConfigHostModule dependencies initialized[39m[38;5;3m +26ms[39m
[32m[Nest] 14792  - [39m06/13/2026, 7:43:36 PM [32m    LOG[39m [38;5;3m[InstanceLoader] [39m[32mConversationsModule dependencies initialized[39m[38;5;3m +0ms[39m
[32m[Nest] 14792  - [39m06/13/2026, 7:43:36 PM [32m    LOG[39m [38;5;3m[InstanceLoader] [39m[32mConfigModule dependencies initialized[39m[38;5;3m +1ms[39m
[32m[Nest] 14792  - [39m06/13/2026, 7:43:36 PM [32m    LOG[39m [38;5;3m[InstanceLoader] [39m[32mContactsModule dependencies initialized[39m[38;5;3m +1ms[39m
[32m[Nest] 14792  - [39m06/13/2026, 7:43:36 PM [32m    LOG[39m [38;5;3m[InstanceLoader] [39m[32mLlmModule dependencies initialized[39m[38;5;3m +0ms[39m
[32m[Nest] 14792  - [39m06/13/2026, 7:43:36 PM [32m    LOG[39m [38;5;3m[InstanceLoader] [39m[32mRoleplayModule dependencies initialized[39m[38;5;3m +1ms[39m
[32m[Nest] 14792  - [39m06/13/2026, 7:43:36 PM [32m    LOG[39m [38;5;3m[InstanceLoader] [39m[32mBotModule dependencies initialized[39m[38;5;3m +0ms[39m
[32m[Nest] 14792  - [39m06/13/2026, 7:43:36 PM [32m    LOG[39m [38;5;3m[InstanceLoader] [39m[32mWhatsappModule dependencies initialized[39m[38;5;3m +0ms[39m
[32m[Nest] 14792  - [39m06/13/2026, 7:43:49 PM [32m    LOG[39m [38;5;3m[WhatsappWebClientService] [39m[32mScan this QR code using WhatsApp mobile app.[39m
▄▄▄▄▄▄▄▄▄▄▄▄▄▄▄▄▄▄▄▄▄▄▄▄▄▄▄▄▄▄▄▄▄▄▄▄▄▄▄▄▄▄▄▄▄▄▄▄▄▄▄▄▄▄▄▄▄▄▄
█ ▄▄▄▄▄ █▄▀ █▄█ ▀▀▄ ▄██▄ ▄ ▀▀█ ▄▄ ██▀▀▄▀██ ▄▀▀ ▄ ██ ▄▄▄▄▄ █
█ █   █ █   ▀▄▀██▄▄▀▄▄█▄▀  ████▄█▄▀ ▄ ▄ █▄██ ▄▀▄ ██ █   █ █
█ █▄▄▄█ █▄▄  █ ▀▀▀▀  ▀▄▄ █▀ ▄▄▄ ▄█▄█▄█ ▄█  ▀▀▀▄▀▄██ █▄▄▄█ █
█▄▄▄▄▄▄▄█▄▀ ▀ ▀ █▄█ ▀▄▀ ▀▄█ █▄█ ▀ ▀ █ █▄▀ █▄▀▄▀▄█ █▄▄▄▄▄▄▄█
█ ▄▄▄█▀▄▀ █▄▄██▀█▄▄▀ ▄  ▀▀█▄▄    █ ▄▀▀▀█ ▄▀  ▀▄▄ ▀ ██ ▄ █ █
█▀▀▄▀▄▀▄▀█▀ █  ▀▄█ ██ ▄▄▄▀▄██▄ ▀█▄█▄▀▀▀█▄██ ▄ █▄█ ▀▄▄▄ ▄  █
█▀▄█▄█▀▄▄▀ █  ▄  ▄█▄▀ █▄▄█▄▄▀▀█▀▄█ █▄▄ ▀▀███ ▀█▄▀█▀ ▀▀█▄▄██
█▄▀ ▀▀▀▄ █▄▄▀ ▀  ▀▄▀█▀▀ █▄▀▄▀█▀▀  ██ █ ▄▀▄▀▀   ███▄  █▀ ███
█▄█▀█▀▀▄▄▄▄  ▄█ ▀▀████▀█▀██▄▄▄▀█▀▄▄▀▀█▄█▄▀ █▄   ▀▄█▄▄█▄██▀█
█  ▄▄ ▀▄▄▀ █▀▄▀▀▀▀  ▄ ▄ ▄  ▀▀ █ ▀██▄█▄  ██▀█ █▀ █▄██▄ ▄▄█▀█
██▀▄  ▄▄▄ ▀▀▄█ ██ ▄▀██ ▄▀█▀ ▀▄ ▀ █▄▄▄▀▄▄▄▄  ▀▀█▄▄  ▄▄  ▄  █
██▄▀█ █▄▀█▄ ▄█ █▀▄   ▄▀   █▀▄▀ ▄ ▄ █▀█▄▀██▄██▄▄▀▀█▄▀▄▀ ██ █
████▄█▀▄ ▄▄█▀█▀▀ ▄▄▄█ ██ ███▀█▄▄▄▄▄█▄   ▀▀██ ▀▀█▀█▄ █▀ ▄▄ █
█ ▀ ▄ ▄▄▄  ▄ ▀▀▄ ▄▄▄▀▀█▄▀██ ▄▄▄ █  █ ▀█ ▄▄▀ ▄▄▀█▀ ▄▄▄ █▀███
█▄▀█  █▄█ ██▄ █▄█ █▄█▄▀▀▀██ █▄█ ▄▄▀ ▀█▄▄▄█ ▄▄  ▀  █▄█ █ ▄ █
█ █▄▀▄▄▄▄ ▄▀▀ ▀▀█▀  ▄▀▄▀▀█▄▄▄▄  ▀   ██▀  ▀█  ▄ █▀ ▄▄ ▄█▄█▀█
██▄▀ ██▄█ ▀██▄█▄█▄ ▀ █  ▀▀▄▀▀█▀▀█▀ ▄ █▄▄ ▄ ▀▀██████▄█▄█▄▀██
█▄▀██ ▄▄█▀█▄ █▄▄▄██▀▀▀▀███ ▀██ █▀██▄▀█ ▀▄▄▀▄█ ▀  ▀   ▄▀█▄▄█
█  ▄ █▄▄▄▄██▄ ▀ ███ ▀█▀█ ▄▄███▄█▄█ █▄ ▄▀███▄▀▀ ██▄ █▀▄▄▄███
█▀█ ▀▀▄▄▀ █ ▄▀▀█ ▄▄▀  ▄▄▄▀█▀ ▄▄▀ █▀▄ ▀▀▄▄ ██ ▀█▄█▄██ ▀ ▀█▄█
█▄█▀▄▄▀▄▄█ ▄▀▄ ▀▀ ▀█ █▀█ █▀   ▀ █▄▄▀▀▀▄▄▀██▄█ ▀▀▄▄  ▄ ▄▄█ █
█▀  ██ ▄▄   █ █████▄ ▀█ ▀▄▀█▄█▄ ▀█ ▀█▀▀▀ █▄█▄▄ ▀█▀ ▀ ▄███▀█
█   █▄ ▄▄▄ █▀ ▄ ▄▄▀▀ █ █▀ ▄█▄▄█ ██ ████▄▄    ▀ ▄██▀ ▄█▄████
█ ▀ ▀▀▄▄▄▄█▄▄▀    ▄▀▀▄▄ ▀▄▄█▀  ▀▀█ ▄▀▀ ▀▄ ▀▄██▄▄█  ▄▄▀▀▄ ▄█
███████▄█  ▄██   ▄▄▄  ▀████ ▄▄▄  █▄█▀ ▀▀██▀▄ █▀▄▀ ▄▄▄ ▄█▀▄█
█ ▄▄▄▄▄ ██▄▄ █▄▀  █ █▄█▄▀ ▄ █▄█ ▀█ ▀ █▀▄█▀ ▄▄▀▀▄▄ █▄█ █ ▀▀█
█ █   █ █▀ ▀██▄ ▀██▀ ▄▀█ ▀█  ▄  ▄ ▀ ██ ▄ ▀█▄▄▄▄ ▀   ▄ ▀▄ ▄█
█ █▄▄▄█ █ █ ▄▄    ▀ ▄▀▄██▀▀▀▀██▀▄▀  ▀ ▄▄  ███▄ ▄▄ █ █▀ ██▀█
█▄▄▄▄▄▄▄█▄▄█▄██▄█▄▄███▄▄▄▄██▄▄███▄████▄▄▄▄▄████▄███▄███▄███

[32m[Nest] 14792  - [39m06/13/2026, 7:43:50 PM [32m    LOG[39m [38;5;3m[Bootstrap] [39m[32mPersonal WhatsApp bot is starting. Scan the QR code when it appears.[39m
[32m[Nest] 14792  - [39m06/13/2026, 7:44:49 PM [32m    LOG[39m [38;5;3m[WhatsappWebClientService] [39m[32mScan this QR code using WhatsApp mobile app.[39m
▄▄▄▄▄▄▄▄▄▄▄▄▄▄▄▄▄▄▄▄▄▄▄▄▄▄▄▄▄▄▄▄▄▄▄▄▄▄▄▄▄▄▄▄▄▄▄▄▄▄▄▄▄▄▄▄▄▄▄
█ ▄▄▄▄▄ █▀█ ▀ ██▀▀ ▄▄█▀▄▄  ███▄ ▄▄▄▀▀▀▀▀ █▀▄█▄▄▄ ██ ▄▄▄▄▄ █
█ █   █ █▀▀▀▀█ █▄▄▄ █▄▄█  ▀█▄▄██▀█ ▀▀▀█ ▄██▄▀▄ ▄ ██ █   █ █
█ █▄▄▄█ █▀█ ▀█▄ ▄█ █▄ ▀ ▀ █ ▄▄▄ ▄█▀▀██▄█  ▀▄█▀▀▀▄██ █▄▄▄█ █
█▄▄▄▄▄▄▄█▄█ █ ▀▄▀▄▀▄▀ █ █ █ █▄█ ▀▄█ ▀▄█ █ ▀ ▀ █▄▀▄█▄▄▄▄▄▄▄█
█ ▄▄▄▄▀▄▄▄▀▀▄▄▄▀▄█▄ ▀▄▀▀▀  ▄▄   ▀█▀█▀  █▀█▀▀▀▀██   █▄▀▄▀▄▀█
█▄██▄▀ ▄█▀▄█▀█▄ ▀▀▀ ▀▀▀ █▄▀▄ ▄▀▄▀█   ▄█▄▀▀▄█ ▀ ▄▀▀██▀▀▀▀▄▀█
██▄ ▀██▄█▄▀█▄▄▄▄▄▄▀ ▀▄▀▄ ▀▄▀▀█▀█▄▀██  ▀▄███▀ █▄█▄▀▀▄▀██▄▄▀█
█ █ ▀ ▀▄▀▄██▀▀  ▀  ▄▄▀████ ▄ ▄▀▄▀ █▄ ▄█▄▄▀▄▀▀ ▀▀ ▄█  ▄▀▀▄██
█▀▀███ ▄ █▀▄▀▀▀▀██  ▀▄▄▀  ▀█▀   ██ ██▄▄██▀▀▀█▀▀█ ▀▀█▀▀▄ ▀ █
█▄▄ ▄ █▄▄█▄██ ▀█▄ ▄▄██   ▄ ██  ▄▀▀▀▄██ ▄▀██ ▄ █ ▀ ██     ██
█ █▄▀▀ ▄█   ▀█▀█▄▀▄ ▄█▀█▀▄   █  ▀███ ▄█▄▀▀ ▀ █▄█▄▀ ▄█▀ █  █
█    ▄█▄▀▄  █▀██▄ ▀█▄█▄▄▀█▀ ▀█▀▀█▄█▀    ▀▀█ ▀█▀█  ▀▀▀█▀ ▀▀█
█▀█▀ ▀▀▄█▄▄▄██▄▄▄▄  █▄▀█▄▀▀███  ▄  █ ▄ ▄█▀▀▀ ███▀▀██▀▀▄ ▄▄█
█▀  █ ▄▄▄ ▄▀  ██▀█▄█ ▀▄█▀▄▀ ▄▄▄ ▄ ▀▄  ▄ ██▀▀█▄▄▄  ▄▄▄ ▀ ▄██
█▀█▀▄ █▄█  ▀██ ▀ ▄▄▀▀█▄█  ▀ █▄█  ██▄  ▀█▀▀█  ▀▄▄█ █▄█ ▄  ▀█
█ █▄   ▄▄  ▀█▄▀█▀▀ ▄▄█ ▀█▀█▄ ▄▄▄▀▄▄ ██ █▄▀▄█▄ ▄▄█▄  ▄▄ ▀███
█▄▀ █▄█▄█▀ ▄██▄▄▄▄  ▄▄▀█▀ █▀██▀ ▄▀▀█▄  █ ▀  ▄█▄▄█▀▄▄▀▄█▄▄▀█
█▄▄▀▄▄█▄ ▄  ▀  ███▄▄█▄▄▀▀▀▄ ▀▀▀ ▀   ▄█▄▀█▀  ▄▀██ ▄▄▀▀▀   ▀█
█▄█ ▄█ ▄▄ ▀█▀█▀▄▀█▀▄▀▀██▄ ▄▀▀█   █▄█ ▄▄██▀▀ ▄▀▄█▀  ▀█▄  █▀█
█ ▄   ▄▄  ▀█▄▀█▀▀█▄ ▀ ██▄ ▄▀▀█ ▄▀▄ █   ▄▄ █▄ ▀▄███▄█▀   ▄▄█
█▀▀ ▀▄▄▄ ▄▀▀▄██▀▄▄  ▄▄▄▀▀ █▀█▄ █▀█▀█ ▄ █▄▀▄▀▀▀▄██▀▀▀▀▄█▀▀▀█
██ ▄▀▄█▄▄▄▄▀ ▀ ▀▀█▀  █▀ █ ▀▀ █ ▄▀▀▄▀▀██▀▄█▄█▄  ▀▀▀▀▀▄▄▀ ███
█▀▀▀ █▀▄   ▄▀▀▀▀██▀ ▀█▀▄▀▀█████▀▄█▄██▄ ██▀  ▀▀███ ▄▀▄▄▀▄▄██
█ ▀ ▀▀▄▄█▀  █▄▄▀█▄  ██▄▄ ▀▀▄▄▄▀▄█▄█▀▄ ▄▀▀  ▀▀ ▀  █ ▀▀▀ ▀▄██
███████▄▄ ▄▄▀▀ ▄▄█▄▄▀█▀█▀▀█ ▄▄▄  ▀ █  ▀██▀ ▀█▀███ ▄▄▄ ▀ ▀ █
█ ▄▄▄▄▄ █▄██ ▄█▀▀▀█▀▀▀▄█▄██ █▄█  █▀ █  ▄ ▀ █▀▀▀██ █▄█ █▀ ▀█
█ █   █ █ ██▀█ ▀▄▀▄▄▄█▄▀▀▄▀ ▄  ▄▄▀▄▄ ▄▄█▄█▄▀ █▀▄ ▄▄ ▄▄ ▀█▄█
█ █▄▄▄█ █  ████▄▄ █▄▄█ █▀█▀█▄█▀█▄█▄ ▄▄▄ █▀▀▀█ ▄▄ ▄█▄▀▀▄▀███
█▄▄▄▄▄▄▄█▄▄▄▄▄▄█▄█▄▄▄███▄█▄████▄▄▄▄▄█▄█▄██▄▄▄█▄██▄▄▄▄███▄██

[32m[Nest] 14792  - [39m06/13/2026, 7:45:09 PM [32m    LOG[39m [38;5;3m[WhatsappWebClientService] [39m[32mScan this QR code using WhatsApp mobile app.[39m
▄▄▄▄▄▄▄▄▄▄▄▄▄▄▄▄▄▄▄▄▄▄▄▄▄▄▄▄▄▄▄▄▄▄▄▄▄▄▄▄▄▄▄▄▄▄▄▄▄▄▄▄▄▄▄▄▄▄▄
█ ▄▄▄▄▄ █▄▀ █▄▄ ▄██  ▀██   ▀▀█ ▄▄ ██ █▄▀▀▄  ▄▄ ▄ ██ ▄▄▄▄▄ █
█ █   █ █   █▄▀██▄▄▀▄▄█▄▀▀ ████▄ █▀ ▀ ▄  ███ █▀▄ ██ █   █ █
█ █▄▄▄█ █▄ ▄█  ▀▀▀▀  ▀▄▄ █▀ ▄▄▄ ██▄███ ▄█▄ ▀▀█▄▀▄██ █▄▄▄█ █
█▄▄▄▄▄▄▄█▄█ ▀ ▀ █▄█ ▀▄▀ ▀▄█ █▄█ ▀ ▀ █ █▄▀ █▄▀▄▀▄█ █▄▄▄▄▄▄▄█
█ ▄▄▄▀▀▄█▄██ ▄█▀█▄▄▀ ▄  ▀▀▀▄▄    █ ▄▀▀▀█ ▄▀  ▀▄▄   ██▄▄ █ █
█▀▀▄▀▄ ▄ ▀ █ █ ▀▄█ ██ ▄▄▄▀▄▄█▄ ▀█▄█▄▀▀▀▀▄█▀▄▄ ▀ ▄▄▀█ █ ▄  █
█▀▄█▄█▀▄ ▀██  ▄  ▄█▄▀ █▄▄█▄█▀██▀▄█ █▄▄▀▀▀█ █ ▀ █▄▄▀  ██▄▄██
██ ▄▄▀▀▄▀▄▄▄▀ ▀  ▀ ▀█▀▀██▄▀▄ ▄▀█  ▄  ██▀█ ▄ ▄▄█▄ ▀▄ ▀█  ███
█ ██▀▀▀▄▄▄▄  ▄█ ▄ ██ █ ▀ ██▄▄▄ █▀▄▄▀▀▀███▀▀▄▄ ▀▀▀▄█▄▄█▄█▀▀█
█▄▀▄▀▄▀▄▄▀ █▀▄▀▀▄▄  ██▄  █ ▀▀ ▄▀▀▀█▄▀   ▄ ▀█▄▀▀ █▄▀▀▄ ▄▄▄▀█
█  ▄ ▄ ▄▄ ▀▀▀▀ ██ ▄▀██ ▄▀█▀ ▀▄ ▀██▄▄ █▄▄ ▄  █▀█▄▄ ▀▄▄  ▄▀▀█
██▄▀█▄ ▄▀█▄▄▀█▄▄▀▄   ▄▀   █▀▄▀ ▄ █ █ ▄▄▀█▄▄██▄▄▀▀██▀▄▀ ██ █
████▄█▄▄▀█ ▄█▀█  ▄▄▄█ ██ █▀▀▀█▄▄▄▄▄█▄   ▀▀██ ▀▀███▀▀▀▀ ▄▄ █
█ ▀ ▄ ▄▄▄ ▀▀▄▀▄█ ▄▄▄▀▀█▄▀█▀ ▄▄▄ █  ▀ ▀█▄▄▄▀ ▄▄██▄ ▄▄▄ ▀▀███
█▄▀▀▄ █▄█   ▄ ▀▀█ █▄█▄▀▀▀██ █▄█ ▄▄▀▀▀█▄█▄█▀█▄ ▀ ▄ █▄█ ▄▄▄ █
█ ▀▀▀▄ ▄ ▄▄▀▀ ▀▀█▀█▄▄▀█▀▀█▄▄▄▄  ▀   ▀█▀ ▄█▄ ▄▄▄█▄▄ ▄▄▄▄▄█▀█
██  ▄██▄█▀▀██▄█▄▄█▀█▀▄█ ▀▀▄▀ █▀▀█▀ ▄▄▀ █▄▄█ ▀██▄▀▄█▄▄█▄█▀▀█
██  █ ▄▄  █▄ █▄▄█▀█▀▄▄▀█   ▀ ▀ █▀▀█▄▄ ▀ ▀█▀▄  ▀  ▀    ▀█▄▄█
██▀▄ █▄▄▄▄██▀▄▀ ███ ▀█▀█ ▄▄█████ █ ██▄▄▀▄▀█▄▄▀ ██▄ █▀▄▄▄███
█▀█ ▀▀▄▄▀  ▀▄▄ ▄ ▄▄▀  ▄▄▄▀█▀ ▄▄▀▀▄▀▄▀▀▀▄▄ ██  █▄█▄██ ▀ ▀█▄█
█▄█▀▄█▀▄▄██ ▀█ ▄▀ ▀█ █▀█ █▀   ▀ █▄▄▀▀▀▄▄▀██▄█ ▀▀▄▄█ ▄   █ █
█▀  █▄▀▄▄  █ █▀ ███▄ ▀█ ▀▄▀█▄█▄ ▀█▄██▀▀█ █ ▀▄▄ ███▀█ ▄▄██▀█
█  ▄█▄▄▄ ▄▄█▀ █▀▄▄▀▀ █ █▀ ▄▀▄▄█ ██▄███▀█▄ ▀  ▀████▄▀ █▀▀███
█ ▀ ▀▀▄▄▀▄█▄▄▀     █▀▄█ ▀▄▄▀▀  ▀▀█▀▄█▀ █  ▄▄██  ▄ █ ▀▄ █ ▄█
███████▄█▀ ▄██  █▄█ ▀ ███▄█ ▄▄▄  █▄█ ▄ ▀█▀█▄ ▀▄▄▀ ▄▄▄ ██▀ █
█ ▄▄▄▄▄ ██▄▄ █▄▀▀██ ▀ █▄█▀▄ █▄█ █▀ ▀ ▄ ▄▀█▀▄▄  █▀ █▄█ █ ▀▀█
█ █   █ █▀ ▀ ▀▄ ▀██▀ ▄▀█ ▀█  ▄  █▄▀ █▀ ▄ ▀█▄ ▄▄      ▄▀▄▀▄█
█ █▄▄▄█ █   ▀▀▀   ▀ ▄▀▄██▀▀▀▄██▀█     ▄▄ ▀███▄ ▄▄ █ ▄▀ ██▀█
█▄▄▄▄▄▄▄█▄█▄▄▄▄▄█▄▄███▄▄▄▄██▄▄███▄████▄▄▄▄▄████▄███▄███▄███

[32m[Nest] 14792  - [39m06/13/2026, 7:45:29 PM [32m    LOG[39m [38;5;3m[WhatsappWebClientService] [39m[32mScan this QR code using WhatsApp mobile app.[39m
▄▄▄▄▄▄▄▄▄▄▄▄▄▄▄▄▄▄▄▄▄▄▄▄▄▄▄▄▄▄▄▄▄▄▄▄▄▄▄▄▄▄▄▄▄▄▄▄▄▄▄▄▄▄▄▄▄▄▄
█ ▄▄▄▄▄ █▄▀ █▄█▀▀▀█▀ █▄▄   ▀▀█ ▄▄ ▀▀ ▀▀█▀█  ▄▀ ▄ ██ ▄▄▄▄▄ █
█ █   █ █   ▀ ▀█▄▄▄▀███▄▀  ████▄█▄▀  ▀▄ █▄██▄▄▀▄ ██ █   █ █
█ █▄▄▄█ █▄ ▄▄  ▀▀▀▀  ▀▄▄ █▀ ▄▄▄ ▀ ▄█▄  ▄▄▀ ▀█▄▄▀▄██ █▄▄▄█ █
█▄▄▄▄▄▄▄█▄▀▄▀▄▀ █▄█ ▀▄▀ ▀▄█ █▄█ ▀ ▀ █ █▄▀ █▄▀▄▀▄█ █▄▄▄▄▄▄▄█
█ ▄▄▄█▀▄█▄ ▄▀▄█▀█▄▄▀ ▄  ▀▀█▄▄    █ ▄▀▀▀█ ▄▀  ▀▄▄▀ ▄█▀▄▄ █ █
█▀▀▄▀▄ ▄▀▄ ▀ ▄ ▀▄█ ██ ▄▄▄▀▀█▀  ▀█▄█ ▀▀▀▀▄██ ▄ ▀▄▄▄ ██  ▄  █
█▀▄▄▄█▀▄▀ ▀█  ▄  ▄█▄▀ █▄▄█▄▄▀▀█▀▄█ █▄▄▄▀▀█▄█ ▀ ▄██▀ █▀█ ▄██
███ ▀▀▀▄ █▄▄▀ ▀  ▀▀▀█▀█ █▄▀▄ ███   █▄██▄▀ ▀▀▄▄██▄▀▄ ▀█ ▀███
█  ██▀▀▄▄▄▄  ▄█ ▀ ██▄▄▄▀▀▄█▄▄▄▀█▀▄▄ ██▄█ █▄█▄▄█▀▀▄█▄▄█▄█▀██
█▄    █▄▄▀ █▀▄▀▀▄   ▄ ▄ ▀█ ▀▀ █▀▀██▄▄█▀  ▀ █▀▄▀ █▄▀█▄ ▄▄▄▀█
█▄█▄ ▄█▄▄ ▀▀▀▄ ██ ▄▀██ ▄▀█▀ ▀▄ ▀█▀▄▄ █▄▄     ██▄▄ █▄▄  ▄  █
██▄▀█▀█▄▀▀▀▀▀▄▄▄▀▄   ▄▀   █▀▄▀ ▄ █ █ █▄▀██▄█▄▄▄▀▀█▄█ █ ██ █
████▄▄ ▄▄▄  ▄  █ ▄▄▄█ ██ ███▀█▄▄▄▄▄█▄   ▀▀██ ▀▀███▀▀█▀ ▄▄ █
█ ▀ ▄ ▄▄▄ ▄█▄█ ▀ ▄▄▄▀▀█▄▀█  ▄▄▄ █  ▀ ▀▀▄▄▄█ ▄▄██▄ ▄▄▄ ▀▀███
█▄▀▄▀ █▄█   ▄  ██ █▄█▄▀▀▀█▀ █▄█ ▄▄▀ ▀█▄▄▄█▀▄▄   █ █▄█  █▄ █
█▀▄▀█▄▄▄▄▄▄▀▀ ▀▀█▀▀▀▄▀▄ ▀█▄▄▄▄  ▀ ▀▀▀█▀█ █▀▄▄  ▄▄▄ ▄ ▄▀██▀█
█▄█▄ ██▄█▄▀██▄█▄█▄▄█ █▄ ▄ ▄▀██▀▀█▀ ▄▄▀▄█ ▄  ▀▀▄██ █▄▄█▄▄▀██
█▀  ▀ ▄▄▄▄█▄ █▄▄▄ █▀█▄▀█▀  ▀█▀ █▀▀█▄  ▀▀█  █▀▀▀  ▀    ▀█ ▄█
█  ▄ █▄▄▄▄███▄▀ ███ ▀█▀█ ▄▄████▄▄█ ██ ▄▀▀▀█▄ ▀ ██▄ █▀▄▄▄▄██
█▀█ ▀▀▄▄▀ █▄ ▀█▄ ▄▄▀  ▄▄▄▀█▀ ▄ ▀ ▄▀▄  ▀▄█ ██ ▀█▄█▄██ ▀ ▀█▄█
█▄█▀▄▄▀▄▄███   ▄▀ ▀█ █▀█ █▀   ▀ █▄▄▀▀▀▄▄▀██▄█ ▀▀▄▄▄ ▄  ▄█ █
█▀  █▀█▄▄ ▄▄▀▄ ████▄ ▀█ ▀▄██▄█▄ ▀█▄██▀██ █ █▄▄▄█▀▀▄█ ▄▄▄█▀█
█   ▀  ▄▀▀▄ ▀  ▄▄▄▀▀ █ █▀ █▄▄▄█ ██▄███ █▄ ▄▀ ▀▄██  ▀ ██ ███
█ ▀ ▀▀▄▄▀ █▄▄▀    ▄▄▀▄ █▀▄█▀▀  ▀▀█▀████   ▀▄▀▀█▀█▀ ▄██ █ ▄█
███████▄█▀ ▄██  █▄▄   ▀▀▀██ ▄▄▄  █▄█▄ ▄ ▀▀█▄▄█▀▄█ ▄▄▄ ▄██ █
█ ▄▄▄▄▄ ██▄▄ █▄▀▄██ ▄▄█▄██▄ █▄█ ██ ▀▄█▀▄█  ██ ▀█▄ █▄█ █ ▀██
█ █   █ █▀ ▀▄▀▄ ▀██▀ ▄▀█ ▀█  ▄   ▄▀ ▄▀ ▄█▀█▄  ▄ ▀    ▄▀▄ ▄█
█ █▄▄▄█ █ ▀▄▀██▄  ▀ ▄▀▄██▀▀▀▀▀█▀█    ▀▄▄▀▀████ ▄▄ █ ▄█ ██▀█
█▄▄▄▄▄▄▄█▄█▄█▄▄██▄▄███▄▄▄▄███▄███▄████▄▄▄▄▄████▄███▄▄██▄███

[32m[Nest] 14792  - [39m06/13/2026, 7:45:49 PM [32m    LOG[39m [38;5;3m[WhatsappWebClientService] [39m[32mScan this QR code using WhatsApp mobile app.[39m
▄▄▄▄▄▄▄▄▄▄▄▄▄▄▄▄▄▄▄▄▄▄▄▄▄▄▄▄▄▄▄▄▄▄▄▄▄▄▄▄▄▄▄▄▄▄▄▄▄▄▄▄▄▄▄▄▄▄▄
█ ▄▄▄▄▄ █▄▀ █▄▄ ▄▀▄▀ █▄▄ ▄ ▀▀█ ▄▄ ███ ▄▀ █   █ ▄ ██ ▄▄▄▄▄ █
█ █   █ █   █ ▀█▄▄▄▀▄██▄▀  ████▄ ▄▀ ▄ ▄ ▄████▄▀▄ ██ █   █ █
█ █▄▄▄█ █▄▄ ▀▀ ▀▀▀▀  ▀▄▄ █▀ ▄▄▄ ▄▄▄██▀ ▄▄▀ ▀▀▄▄▀▄██ █▄▄▄█ █
█▄▄▄▄▄▄▄█▄▀ █ ▀ █▄█ ▀▄▀ ▀▄█ █▄█ ▀ ▀ █ █▄▀ █▄▀▄▀▄█ █▄▄▄▄▄▄▄█
█ ▄▄▄█▀▄█▄ █▀▀█▀█▄▄▀ ▄  ▀▀█▄▄    █ ▄▀▀▀█ ▄▀  ▀▄▄   █▀▄▄ █ █
█▀▀▄▀▄▀▄ ▄▄▀▄█ ▀▄█ ██ ▄▄▄▀▀█▀▄ ▀█▄█ ▀▀▀▀▄██▄▄ █▄██ ▄█▀ ▄  █
█▀▄▄ █▀▄▀ ▀▄  ▄  ▄█▄▀ █▄▄█▄▄█▀█▀▄█▄█▄▄ ▀▀███ ▀ ███▀ █▀▀ ▄██
█▀ ▄▀▀▀▄▀█▄▄▀ ▀  ▀█▄█▀▄██▄▀▄ ▄▀▀  ▄▀▄█▄▄▀  ▀▄ ▀ ▀ ▄  ▄█▀███
███▀▀▀▀▄▄▄▄  ▄█  ▀▀▀▄▄▀█ ▄█▄▄▄▀▄▀▄▄▀▀███▄▀█▄▄  ▀▀▄█▄▄██▄█▀█
██▄▀▀▄█▄▄▀ █▀▄▀▀▄█  █ ▄ █  ▀▀ █▀▀▀█▄ █▀▀██▀█▀█ ▀█▄█▀▄ ▄▄ ██
█▄ ▄ ▀█▄▄ ▀▀▀▄ ██ ▄▀██ ▄▀█▀ ▀▄ ▀█▀▄▄▄▀▄▄    ▄▀█▄▄  ▄▄  ▄▀▀█
██▄▀█▀▄▄█▀ ▀▄ ▀▄▀▄   ▄▀   █▀▄▀ ▄▀▄ █▀▄▄▀█▄▄█▄▄▄▀▀█▄▄ ▀ ██ █
████▄  ▄ █▀▄  ▄▄ ▄▄▄█ ██ ███▀█▄▄▄▄▄█▄   ▀▀██ ▀▀█ ██▀█▀ ▄▄ █
█ ▀ ▄ ▄▄▄ ▀▄ █▄█ ▄▄▄▀▀█▄▀█▄ ▄▄▄ █ ▄█ ▀▀▄▄▄█▄▄▄▀█▄ ▄▄▄ ▀▀███
█▄▀ ▀ █▄█ ▀█▄  ▄█ █▄█▄▀▀▀█▀ █▄█ ▄▄ ▀▀█▄█▄█ █▄   ▄ █▄█ ▄█▄ █
█▄▀▀▀  ▄ ▄▄▀▀ ▀▀█▀██▄▀ ▄▀█▄▄▄▄  ▀ ▀▀▀█▄█ ▀▄ ▄ ▄ █  ▄ ▄█▄█▀█
██▄█ ██▄ ▄▀██▄█▄▄▄ ▀ █▄ ▀ ▄▀█▄▀▀█▀ ▄ █ █▄▄▄ ▀█▄▄█▀█▄ █▄▄▀▀█
█  ▄▄ ▄▄▄ █▄ █▄▄█▄█▀ █▀██▄ ▀▀▀ ██▀█▄▄   █▄▀▄ ▀▀▀▀▀  ▀▀▀█  █
█▄█▄ █▄▄▄▄██▀▄▀ ███ ▀█▀█ ▄▄███▀▀▄█ █▄ ▄▀▀▀█▄▄▀ ██▄ █▀▄▄▄███
█▀█ ▀▀▄▄▀ ▀█ ▄▄█ ▄▄▀  ▄▄▄▀█▀ ▄▄▀▀█▀▄▀ ▀▄█ ██▀ █▄█▄██ ▀ ▀█▄█
█▄█▀▄▀ ▄▄█ ▀▄▀▄ ▀ ▀█ █▀█ █▀   ▀ █▄▄▀▀▀▄▄▀██▄█ ▀▀▄▄▀█▄ ▄ █ █
█▀  █▀█▄▄ ▀▄▀█  ███▄ ▀█ ▀▄██▄█▄ ▀█▄▀█▀▀▀ █ ▀▄▄ ███▄▀ ▄▄▄█▀█
█  ▄▀ ▄▄▄ █▀▀ ▄ ▄▄▀▀ █ █▀ █ ▄▄█ ██▀███▀▄▄ ▀▀ ▀█▄█  ████▄███
█ ▀ ▀▀▄▄  █▄▄▀    ▄█▀▄█ ▀▄▄▀▀  ▀▀█▀▄█▀▀  ▄▄█▀▀█▄▀ █  ▄▀█ ▄█
███████▄▄▀ ▄██   █▄ ▀ ▀█▄▄█ ▄▄▄  █▄█ ▄▀  ▀█▄▄█▀▄▀ ▄▄▄ █▄▀▄█
█ ▄▄▄▄▄ ██▄▄ █▄▀▀▀█ ▀▄█▄██▄ █▄█ █▀ ▀▄█▀█▀█▀█▄▀▀▄▀ █▄█ █ ▀██
█ █   █ █▀ ▀█▄▄ ▀██▀ ▄▀█ ▀█  ▄  ▄ ▀  █ ▄ ██▄  ▄ ▀     ▀▄▀▄█
█ █▄▄▄█ █ ▄█▀█▄   ▀ ▄▀▄██▀▀▀ ██▀▄     ▄▄ ▀██▄█ ▄▄ █ ▀█ ██▀█
█▄▄▄▄▄▄▄█▄▄█▄█▄▄█▄▄███▄▄▄▄██▄████▄████▄▄▄▄▄████▄███▄███▄███

[32m[Nest] 14792  - [39m06/13/2026, 7:46:09 PM [32m    LOG[39m [38;5;3m[WhatsappWebClientService] [39m[32mScan this QR code using WhatsApp mobile app.[39m
▄▄▄▄▄▄▄▄▄▄▄▄▄▄▄▄▄▄▄▄▄▄▄▄▄▄▄▄▄▄▄▄▄▄▄▄▄▄▄▄▄▄▄▄▄▄▄▄▄▄▄▄▄▄▄▄▄▄▄
█ ▄▄▄▄▄ █▄▀ █▄█ ▀██ ▄▀▄█▄  ▀▀█ ▄▄ █▀ ▀ █▄▄▄ ▀▀ ▄ ██ ▄▄▄▄▄ █
█ █   █ █   ▀ ▀██▄▄▀▄▄█▄   ████▄ █▀ ▀▀▄ █▄██▀█▀▄ ██ █   █ █
█ █▄▄▄█ █▄▄▄▀▀ ▀▀▀▀  ▀▄▄ █▀ ▄▄▄ ▄ ▄█▄▄ ▄   ▀▀▄▄▀▄██ █▄▄▄█ █
█▄▄▄▄▄▄▄█▄▀ █ ▀ █▄█ ▀▄▀ ▀▄█ █▄█ ▀ ▀ █ █▄▀ █▄▀▄▀▄█ █▄▄▄▄▄▄▄█
█ ▄▄▄██▄█▄▄▄▀ █▀█▄▄▀ ▄  ▀▀█▄▄    █ ▄▀▀▀█ ▄▀  ▀▄▄   █▀▄▄ █ █
█▀▀▄▀█▀▄▀▄ ▄█  ▀▄█ ██ ▄▄▄▀ █▀▄ ▀█▄▀ ▀▀██▄██▄▄ █ █▀ ▄██ ▄  █
█▀▄ ▄█▀▄▄ █▄  ▄  ▄█▄▀ █▄▄█▄▄▀██▀▄█▀▄▄▄ ▀▀██▄ ▀▀█▄█▀ ▀█▀▄▄██
█▀▄▄█▀▀▄▀█▄▄▀ ▀  ▀█ █▀ ██▄▀▄▀██▀  ▀▄▄▀ █▀ ▀ ▄▄▀█▀ ▄  ▄▀▀███
█▄▄██▀▀▄▄▄▄  ▄█ ▀ █▀▄█▀█▄▄█▄▄▄▀▄▀▄▄ ▀█ █▄█▄▄ ▄ ▀▀▄█▄▄██▄█▀█
██▀▄▀ ▀▄▄▀ █▀▄▀▀ ▄  ▄▄▄ ▀  ▀▀ █ ███▄▀▄  ▄  █ ▀▀ █▄▀█▄ ▄▄▀██
█ ▀▄ █▀▄▄ ▀▀ ▀ ██ ▄▀██ ▄▀█▀ ▀▄ ▀▀▀▄▄ ▀▄▄▄   ███▄▄ ▀█▄  ▄ ▀█
██▄▀█ █▄▀▀▄█▄▄▀▀▀▄   ▄▀   █▀▄▀ ▄ █ █ █▄▀█▄▄███▄▀▀█▀▄ █ ██ █
████▄▄▀▄▀█▄▄▀ █▄ ▄▄▄█ ██ █▀▀▀█▄▄▄▄▄█▄   ▀▀██ ▀▀██▄▀ ▀▀ ▄▄ █
█ ▀ ▄ ▄▄▄ ▄▄██▄  ▄▄▄▀▀█▄▀█▄ ▄▄▄ █  █ ▀█▄▄▄█▄▄▄██  ▄▄▄ █▀███
█▄▀▄  █▄█ ▀█▄ ▄▄█ █▄█▄▀▀▀██ █▄█ ▄▄  ▀█▄▄▄█ ▄▄ ▀▀▀ █▄█ █ ▄ █
███▄▄▄ ▄  ▄▀▀ ▀▀█▀ ▄▄▀ █▀█▄▄▄▄  ▀ ▀▀█▀▄ ▄▀▀█  ▄▄  ▄  ▄███▀█
█▀ ▄▄██▄▀▀▀██▄█▄ █▀█▄▄▄▄▀▀▄▀▄█▀▀█▀ ▄▄▀▀█   ▀██▄▄█ █▄▄███▀▀█
█ ▄██ ▄▄  █▄ █▄▄  █▀█▄▀█▀▄ ▀█▄ █▀▀█▄ ▀ ▀▄  ▄█▀▀▀ ▀  ▄█▀█▄ █
█▄ ▄ █▄▄▄▄██▄█▀ ███ ▀█▀█ ▄▄███▄▄ █ ██ ▄▀█▀█▄▀█ ██▄ █▀▄▄▄▄██
█▀█ ▀▀▄▄▀ ▀█▄▀ █ ▄▄▀  ▄▄▄▀█▀ ▄ ▀ █▀▄ ▀▀▄█▀██▀ █▄█▄██ ▀ ▀█▄█
█▄█▀▄▀▄▄▄██ ▀██▀▀ ▀█ █▀█ █▀   ▀ █▄▄▀▀▀▄▄▀██▄█ ▀▀▄▄ ▄▄  ▄█ █
█▀  █▀█▄▄ ▀███▄████▄ ▀█ ▀▄██▄█▄ ▀█▄▀█▀█▀ █ █▄▄ ██ ▀█ ▄█▄█▀█
█  ▀▄▀█▄▀█ ▄▀ ▀ ▄▄▀▀ █ █▀ ▄▄▄▄█ ██▄▄██▀█▄    ▀▄▄█  ▀▄█▀▄███
█ ▀ ▀▀▄▄█▄█▄▄▀    ▀▀▀▄█▀▀▄██▀  ▀▀█▀█▀█▀ ▄▄▄ ██  ▄▀▄▄ ▄ █ ▄█
███████▄█▀ ▄██  ▀▄▄▄  █████ ▄▄▄  █▄█▄  ▀█▀██ ▀ █▀ ▄▄▄ █▄█ █
█ ▄▄▄▄▄ ██▄▄ █▄▀ ██ ▄▄█▄▀ ▄ █▄█ ██ ▀ █▀█▀▀▀▄█▀ █▄ █▄█ █ ▀██
█ █   █ █▀ ▀██▄ ▀██▀ ▄▀█ ▀█      ▄▀ ▀▀ ▄ ██▄  ▄       ▀▄ ██
█ █▄▄▄█ █ ██▀  █  ▀ ▄▀▄██▀▀▀▀▀█▀█    ▀▄▄▀ ██▄█ ▄▄ █ ▀▀ ██▀█
█▄▄▄▄▄▄▄█▄██▄▄▄██▄▄███▄▄▄▄███▄███▄████▄▄▄▄▄████▄███▄▄██▄███

[32m[Nest] 14792  - [39m06/13/2026, 7:47:21 PM [32m    LOG[39m [38;5;3m[WhatsappWebClientService] [39m[32mScan this QR code using WhatsApp mobile app.[39m
▄▄▄▄▄▄▄▄▄▄▄▄▄▄▄▄▄▄▄▄▄▄▄▄▄▄▄▄▄▄▄▄▄▄▄▄▄▄▄▄▄▄▄▄▄▄▄▄▄▄▄▄▄▄▄▄▄▄▄
█ ▄▄▄▄▄ █▄██ ▄▄  ▀█  ▀█▄▀▄ ▀▀█ ▄▄ ▀█▄  ▀▄ ▄ ▀█ ▄ ██ ▄▄▄▄▄ █
█ █   █ █  ██▀▀███▄▀▄██▄ ▀ ████▄ █▀ ▀▀▄ ▄▄██ ▄▀▄ ██ █   █ █
█ █▄▄▄█ █▄ ▀ ▀▄▀▀▀█  ▀▄▄ █▀ ▄▄▄ ▀ ▄█ ▄ ▄ ▀ ▀▀▄▄▀▄██ █▄▄▄█ █
█▄▄▄▄▄▄▄█▄▀▄█▄▀ █▄█▄▀▄▀ ▀▄█ █▄█ ▀ ▀ █ ▀▄█▄█ █▄▀ █ █▄▄▄▄▄▄▄█
█ ▄▄▄██▄█ ▄▄█▄█▀█▄▀█▀█  ▀▀▀▄▄    █ ▄▀▀ █ ▄ ▀█▀▄█▄  ██ ▄ ▀ █
█▀█▄▄▄▀▄    ▀▀ ▀ ▀ ██ ▄▄▄▀█▄▀▄ ▀█▄▀  ▀██▄▄ ▄█ ▀▀█▄▀█▄█ ▄█▄█
█▄█▄▀▀▄▄▀█▄▄▄█▄  ▄█▄▀ █▄▄█▄█▄▀█▀▄█▀▄▄▄ ▀▀█ █ ▀▀▄█▄▀ ███▄█▄█
█▀▀▀ ▀ ▄▀█ ▄█▄█  ▀▀▀█▀█▄█▄▀▄▀▄██  ▀▄▄▀▀█▀ ▄ ▄ ▄▄█  ▄▄ ▀▀███
█▄▄ █▄▀▄██ ▀▀▀█ ▀ ██ █▀██▄█▄▄▄▀█▀▄▄▀▀█▄█ █▀▄   ▀▄▄▄▄██▄█▀██
█▀ ▄█▀▄▄ ▄ ██▀▀▀██   █▄    ▀▀ █▀▀▀█▄█▀▀  ▀▀█▀█▀▀▀█  ▄ ▄▄▄██
█▀▀ ▀█▄▄█▄█▀▀▀ ██ ▄▀██ ▄▀█▀ ▀▄ ▀▀█▄▄▄█▄▄▄▄  ▀██▄▄ ██▄    ▀█
█▄▀█▀▀▄▄▄▀▄█▄▀ █▀▄▄▀ ▄▀   █▀▄▀ ▄ ▄ █ █▄▀█▀ █▀▄ █▀█▄█▄██▄█ █
█ ▄▀ ▀▄▄▀█ ███▀█ ▄ ▄█ ██ █▀▀▀█▄▄▄▄▄█▄▄▀▀██ ▄▄█ ▄██▀ ▀█ █▄▄█
█▄▄ ▄ ▄▄▄ ▀ █▄█▄█▀▄▄▀▀█▄▀█  ▄▄▄ █ ▄▀ ▀█▀▄▄▄ ▄█ █▀ ▄▄▄ ▀▀▀▀█
█▄██▀ █▄█ ▀  ▀ ▄█ █▄█▄▀▀▀██ █▄█ ▄▄█ ▀██▄▄█ ▄▄   ▀ █▄█ ▀▀▄ █
██▄▄█  ▄▄▄█ ▀▀ ▀█▀█▄▄▀▀█▀██ ▄▄  ▀ ▀ ▀█▀  █ ▀▄ ▀██ ▄  ▄███▀█
█▀▀█ █▄▄▀▄█▄█ ▄█▄▄▀█ ▄█  ▀▄▀▄█▀▀█▀ ▄▄▀▀█ ▄▀ ▀█▄█▀ █▄██▄█▀██
██▄  ▀█▄▀▄▀▄ ▀ ▀███▀  ▀█▀  ▀█▄ █▀▀█▄ ▄ ▀▀▀▀█▄ ▀▀    ▀▀▀█ ▄█
██ ▀██▄▄█ █▄█ █ ███ ▀█▀█ ▄▄████ ▄█ █  ▄▀▀▀█▄▀█ █▀▄▄▀▀▄ ▄█▄█
██▄▀▄█▀▄ ▄█▄ ▄▄█ ▄▀▀  ▄▄▄▀█▀ ▄▀█ ▄▀▄█▀█ ▀▄▀▀▄▄▀ ▄▄███▀ ▀█▄█
█▄▀ ▀▀ ▄▀▀ ▄ ███▀ █▀ █▀█ █▀   ▀ █▄▄▀▀▀█▄▄█▀█▄▄▀▀▄▄▄ ▄ █▄█ █
█▄▀█▄█ ▄▄█▄▀ █▄ █ █▄ ▀█ ▀▄▀█▄█▄ ▀█ █▄▀▀█▀█▀ █▄█▀█ ▄█ ▄█▄█▀█
█ ▄▀▄ ▀▄ ▀▄███  ▄▄▀▀ █ █▀ █ ▄▄█ ██▀▄██▀▄▄ ▀▀ ▀▄▄█▄▀  █▄▀▄▄█
█ ▀ ▀▀▄▄ ▀ ▄ ▀ ▄   ▀▀▄ █▀▄██▀  ▀▀█▀▄▀▀   ▄▀▄█▀██    █ ▀█ ▄█
███████▄█▀ ▄ █ ▀▀█ ▄  ▀██▄█ ▄▄▄  █▄█ ▄▄▀ ▀▄█▄█▀▄█ ▄▄▄ ███▄█
█ ▄▄▄▄▄ ██▄▀███ ▀▀█  ██▄██▄ █▄█ ▀█ ▀▄▀▀▄█ ▀▄▄▀▀▄▀ █▄█ █ ███
█ █   █ █▀█▄▄▄▀▄▀██▀ ▄▀█ ▀█ ▄▄  ▄ ▀ ██ ▄█▀█▄▄ ▄ ▀▄    █▄ ▄█
█ █▄▄▄█ █ ▄▀ ▄▄▀   █▄▀▄██▀▀▀█▀█▀▄        ██▀█▀▄▄▄▄█ ██▄██▀█
█▄▄▄▄▄▄▄█▄████▄███▄███▄▄▄▄███▄███▄████▄█▄▄▄▄██▄▄███▄███▄███

[32m[Nest] 14792  - [39m06/13/2026, 7:48:21 PM [32m    LOG[39m [38;5;3m[WhatsappWebClientService] [39m[32mScan this QR code using WhatsApp mobile app.[39m
▄▄▄▄▄▄▄▄▄▄▄▄▄▄▄▄▄▄▄▄▄▄▄▄▄▄▄▄▄▄▄▄▄▄▄▄▄▄▄▄▄▄▄▄▄▄▄▄▄▄▄▄▄▄▄▄▄▄▄
█ ▄▄▄▄▄ ██ ▄ ▄▀▄▄ ▄▀▄▄▀▄▄▄▄▄▄▄ ▄ █▄▄█▄▄▄ █▄▄▀██▄ ██ ▄▄▄▄▄ █
█ █   █ █▄ ██▄▄▄█▄ ▄▀▄█▄▄▄█▄██▀▀█▄▀  █▀▀▀█▀  █▀▄ ██ █   █ █
█ █▄▄▄█ ██▄ █▀▄▀█▄ ▀ ▀ ▀█▄▀ ▄▄▄ ▄▄  ▀▀ ▄▄▄█ ██ ▀▄██ █▄▄▄█ █
█▄▄▄▄▄▄▄█ ▀▄▀ █▄▀▄█▄█ █ ▀▄▀ █▄█ █▄█ █ █ ▀▄█ ▀ █ █ █▄▄▄▄▄▄▄█
█▄ ▄█  ▄ ▄███▀  █▄█ ▄▄  █▄▄ ▄ ▄▄█▄ ▄█▄█▄ ▄▄▄  ▄██▄▄▄██▀▄█▀█
█ █▄ ▀█▄▄██ ██ ▀▄▄█▄█  ▀▀ ▄█▀▀█ █▄▀██ ▀▀ ▀▀▀█ ▀▄▀▀▀▄  ███▄█
█▄▀█▀ ▄▄▀ █▀▄█ ████▄██ █▄█ ▀▄▄█▀  ▄█▄▄▄█▄▄▀▄▄▄▄█ ███▄▄▀▄▀▀█
█   ▀▀▄▄▄█ ▄▀▀ ▀ ▀█▄  ▄▄▀▀▄█ ▄▀▄█▀ ▄▄ ▀ █ ▄██▀ ▄ ████ ▄▄ ▄█
█▄ ▀▄▀▄▄██▄▄▄ █ ▄█  ▄▄▀  ██▄ ▀██▀▄ ▄  ██ ▄▄▄▄ ██▀█▄▄▀  ▄███
██▄█ ▄▄▄▄▀█▄█▀█▄▀█  ▄█▀▀▀▄▄▄▄▀▄▀█▄ █▄▄▄██▄▀█▄ █ ▀█▄▀▀▀▄▄▄▄█
█▄ ▀▀█▄▄ ██▀▀██▄█  ▄ ▄ ▄█ ▄▀▀▄▄▄▄ ▄▄ ▄▀█▄▄▄█  █▄ ███▄ ▄█▄ █
██▀██ ▀▄▄▀▄ █▄▄▄█▀▀  ▄███▀█▀ ▄██▀█▄ ██▄▀▀▄█▄ ▄▄ ▄▄█▀▄  ██ █
█  ▄█▄█▄ ▀██▄▀▀▀██ ▄▀█ ▄ █▀▄▄▄▄▄ ▀▀▄▄▄█▄ ▄ ▄  ██▄▄██▀▄ █ ▀█
█▀▀▀▄ ▄▄▄ █▀ █▄██▀ ▀▄ █▄█ ▄ ▄▄▄  ▀ ▀▄▄▄▄▄▄ █▀▄▄█▄ ▄▄▄ █▄▄ █
███▀▄ █▄█ ▄██ ▄▄▀█ ██▄█▄▄▄█ █▄█ ▄▄▄▄▄▄██   ▄▄ ▄▄  █▄█ █▄▄ █
█▄▄ █▄▄▄ ▄ ▀▀▀▄▄   █ ▄▄▀▀█ ▄ ▄  ██▄▀██ ▄█ ▄▀ ██▀▀   ▄▄ ▄▀▄█
█ █▀▄█ ▄▄▀█▄▀█▀▄ █▄ ██▄ ▄▄▀ ▄▄█▄   ▄▄ █▄▄▄ ▄ ▄▄▄█▄ ███ ▀▄ █
█▀ ▀ ▄ ▄▀▄█▀█  ▀    ▀▀█ ▀▀ ▀▄▀█▄▀█▀▀█▄  ▄▀▄█▀ ██▄▀  ▄▀▄▄▄▄█
██▀▄ ▄▄▄▀█ ███▀█ ▄█ █ ▄▄ ▄   ▄█▄  █▄▄▄ ▄ ▄█▄ ▄█▄▀▄ ▄▄█ ▄▀ █
█ ▀ ▄██▄███▀  ▄▀ ▄█▄█▀▄▄ ▄   ▄ ▄██▀▄ █ ▀ ██▄ ▄▀  ▀ ▄█▀▄▄ ██
██▀ █▄ ▄▀▀▄ ██▀▄██   ██ █▄▀ ▄█▄▀█▄ ▄▄ █▄  ▄▄▄▄█▄▀█▀█ █ ██ █
█▄█ ▀▀█▄  █▄▄▀ █ ▀█▄▄▄ ▀▀▄█ ▀▄▄ █ █▄▄▀▀▄▄▄▀▄▀▀▄ ▀   ██▀█▀▄█
██▀ ▄▀ ▄▀▄▄█▀ ▀▄▄▄█▄█▄ ███▀ ▄▄▀█ ▄▄▄▀ ██▄  ▄█ ▄█▀▀▀███ █▀██
█ ▀ ▀▀▄▄  ▄▀█  ▄▄█▀▄▀▄▀▀▄█▄████ ▀██ ▄▄▄▄ █▄███▄▀▀   ▀█▀▄ ▄█
███████▄▄▀██ █▄▄███ █▄▄ █▄▀ ▄▄▄ ▄ ▀▄  ▄█ ▄▄█▄▄█▄▀ ▄▄▄ ▄████
█ ▄▄▄▄▄ █ ▄▀▀  ▀▀▄▀████▄ █▀ █▄█  ▄ ▀  ▄█▀ ▄▀▀▀▀▄▄ █▄█ ▀█  █
█ █   █ █▄▀▀  ▀▄█    ▄█ █ █   ▄ ▄▄██▄  ▄   █ ▄ ██▄     █▀▄█
█ █▄▄▄█ █ █▄█ ▄ █▀ █ ▄▀▄█▀█▄▄ █▀▀▄█▀▀ ▄██▄█▀▀▄▀█▄▄▀█▀ ▄█▀▄█
█▄▄▄▄▄▄▄█▄████▄▄██▄▄▄▄▄▄▄█▄▄███▄▄████▄█▄▄▄▄█▄▄▄▄█▄▄██▄██▄▄█

[32m[Nest] 14792  - [39m06/13/2026, 7:48:41 PM [32m    LOG[39m [38;5;3m[WhatsappWebClientService] [39m[32mScan this QR code using WhatsApp mobile app.[39m
▄▄▄▄▄▄▄▄▄▄▄▄▄▄▄▄▄▄▄▄▄▄▄▄▄▄▄▄▄▄▄▄▄▄▄▄▄▄▄▄▄▄▄▄▄▄▄▄▄▄▄▄▄▄▄▄▄▄▄
█ ▄▄▄▄▄ █▄██ ▄█ ▀▀█ ▄███▄▄ ▀▀█ ▄▄ ████▄▀ ▄▄ ██ ▄ ██ ▄▄▄▄▄ █
█ █   █ █  ██▀▀█▄▄▄▀███▄ ▀ ████▄ ▄▀  ▀▄  ███ ▄▀▄ ██ █   █ █
█ █▄▄▄█ █▄ ▀ █▄▀▀▀█  ▀▄▄ █▀ ▄▄▄ ▄▄▄█ ▀ ▄██ ▀▄█▄▀▄██ █▄▄▄█ █
█▄▄▄▄▄▄▄█▄▀▄█▄▀ █▄█▄▀▄▀ ▀▄█ █▄█ ▀ ▀ █ ▀▄█▄█ █▄▀ █ █▄▄▄▄▄▄▄█
█ ▄▄▄█▀▄▀  ▀█▄█▀█▄▀█▀█  ▀▀█▄▄    █ ▄▀▀ █ ▄ ▀█▀▄█▀  █▀ ▄ ▀ █
█▀█▄▄▄▀▄ █▀█   ▀ ▀ ██ ▄▄▄▀▄██  ▀█▄█  ▀██▄▄▄ █ █▀ █▀▄▀▄ ▄█▄█
█▄██▀▀▄▄█▀▄▀▄█▄  ▄█▄▀ █▄▄███▀▀█▀▄█▄▄▄▄▀▀▀██▄ ▀▀▄ █▀ █▀█▄█▄█
██▀ █▀ ▄ █ ▄█▄█  ▀█▄█▀▀▄█▄▀▄▀▄▀█   █ █ ▀█  ▀ ▄██ ▀ ▄█ ▀ ███
█▀  █▄▀▄██ ▀▀▀█ ▀▀▀██▄ ▀ ▄█▄▄▄ █▀▄▄▀▀▀ ▄▄█▀█▄  ▀▄▄▄▄█████▀█
██▄ █▀▄▄ ▄ ██▀▀▀▀▀   ▄▄ ▀█ ▀▀ █▀█▀█▄ █  ██ ▄▀▄ ▀▀█▄ ▄ ▄▄▄██
█ ▀ ▀ █▄█▄█▀▄  ██ ▄▀██ ▄▀█▀ ▀▄ ▀▀█▄▄ ▀▄▄    ▀██▄▄ ▀▄▄   ▀ █
█▄▀█▀▄▄▄ ▀▄ ▄▀██▀▄▄▀ ▄▀   █▀▄▀ ▄▀▄ █ █▄▀▄▀ █▀█ █▀█▄  ██▄█ █
█ ▄▀ █ ▄   █▄▄█▀ ▄ ▄█ ██ ███▀█▄▄▄▄▄█▄▄▀▀██ ▄▄█ ▄███ ██ █▄▄█
█▄▄ ▄ ▄▄▄  █ ▀▄▀█▀▄▄▀▀█▄▀█  ▄▄▄ █ ▄█ ▀▀█▄▄  ▄█▄█▄ ▄▄▄ █▀▀▀█
█▄█   █▄█ ▄█ ▀▄██ █▄█▄▀▀▀██ █▄█ ▄▄▀▀▀█▄▄▄█▄█▄   ▀ █▄█ █▄▄ █
█  ▀▀ ▄▄  █ ▀▀ ▀█▀█▄▄▀ █▀██ ▄▄  ▀  ▀▀▀▀  ▀▀█▄▄ █▀  ▄▄▄█▄█▀█
█ ████▄▄█▀█▄█ ▄██▄ ▀▄▄ ▄▀▀▄▀█▄▀▀█▀ ▄ ▀▀█▀ ▀ █▀███ █▄▄█▄████
██▀  ▀█▄  ▀▄ ▀ ▀▀ █▀ █▀█ ▄ ▀█▄ ██▀█▄ █▀  ▄▀▄▄ ▀      ▀▀█▄▄█
█▀ ▀██▄▄█ █▄▄▄█ ███ ▀█▀█ ▄▄███▄  █ █▄▄▄▀▄▀█▄ █ █▀▄▄▀▀▄ ▄█▄█
██▄▀▄█▀▄ ▄▀█▄█▀▄ ▄▀▀  ▄▄▄▀█▀ ▄ ▀ █▀▄▄ █  █▀▀█▄▀ ▄▄███▀ ▀█▄█
█▄▀ ▀  ▄▀▀█ █▀▄▀▀ █▀ █▀█ █▀   ▀ █▄▄▀▀▀█▄▄█▀█▄▄▀▀▄▄▄ ▄ ▀▄█ █
█▄▀█▄▄▀▄▄█▄▀ ▄▀ █ █▄ ▀█ ▀▄██▄█▄ ▀█ ▀▄▀██▀█▀ █▄▀██  █ ▄███▀█
█ ▄▄  ▄▄ █ ▄███▄▄▄▀▀ █ █▀ █▄▄▄█ ██ ███ █▄    ▀█▄▀ ▄▀▄██ ▄▄█
█ ▀ ▀▀▄▄ ▀ ▄ ▀ ▄  ▀▀▀▄█▄▀▄██▀  ▀▀█ ▄▀██ ▄▄█ █▀ ▄▄▀ ▄██▀▄ ▄█
███████▄▄  ▄ █ ▀▀▄█ ▀▀ ▀███ ▄▄▄  █▄█▄ ▄▀██▀▄▀▀▀▄█ ▄▄▄ ▄██ █
█ ▄▄▄▄▄ ██▄▀███  ██ ▀▄█▄▄ ▄ █▄█ █▀ ▀▄  ▄ ▄ ▄▄█▀██ █▄█ █ ▀▀█
█ █   █ █▀█▄▄▄▀▄▀██▀ ▄▀█ ▀█  ▄   ▄▀ █▀ ▄ ▀█▄  ▄  ▄   ▄█▄▀▄█
█ █▄▄▄█ █  ▀ ▄▄▀   █▄▀▄██▀▀▀▀▀█▀█    ▀   ▄█▀█▀▄▄▄▄█ ▀█▄██▀█
█▄▄▄▄▄▄▄█▄██▄▄█▄██▄███▄▄▄▄███▄███▄████▄█▄▄▄▄██▄▄███▄███▄███

[32m[Nest] 14792  - [39m06/13/2026, 7:49:01 PM [32m    LOG[39m [38;5;3m[WhatsappWebClientService] [39m[32mScan this QR code using WhatsApp mobile app.[39m
▄▄▄▄▄▄▄▄▄▄▄▄▄▄▄▄▄▄▄▄▄▄▄▄▄▄▄▄▄▄▄▄▄▄▄▄▄▄▄▄▄▄▄▄▄▄▄▄▄▄▄▄▄▄▄▄▄▄▄
█ ▄▄▄▄▄ █▄██ ▄▄  ██  █▄▄ ▄ ▀▀█ ▄▄ ████▄█ ▄█    ▄ ██ ▄▄▄▄▄ █
█ █   █ █  ██▀▀██▄▄▀█▄█▄ ▀ ████▄ ▄▀ ▄ ▄ █▄██▀▄▀▄ ██ █   █ █
█ █▄▄▄█ █▄▄█▄█▄▀▀▀█  ▀▄▄ █▀ ▄▄▄ █▄▄██  ▄▀▄ ▀▄▀▄▀▄██ █▄▄▄█ █
█▄▄▄▄▄▄▄█▄▀▄▀▄▀ █▄█▄▀▄▀ ▀▄█ █▄█ ▀ ▀ █ ▀▄█▄█ █▄▀ █ █▄▄▄▄▄▄▄█
█ ▄▄▄██▄▀▄ ▀▄▀█▀█▄▀█▀█  ▀▀▀▄▄    █ ▄▀▀ █ ▄ ▀█▀▄█▀▀▄██▄▄ ▀ █
█▀█▄▄█▀▄▀█▀ ▄█ ▀ ▀ ██ ▄▄▄▀█▄▀  ▀█▄█  ▀█▀▄▄ ▄█ ▀▀█  ██  ▄█▄█
█▄█▄▄▀▄▄▀█▄▀▄█▄  ▄█▄▀ █▄▄██▄███▀▄█ █▄▄▀ ▀█▄▄ ▀ ▄ █▀ ▀██▄█▄█
█▀ ▀█▀ ▄ ▄ ▄█▄█  ▀▄▀█▀  █▄▀▄ ▄██  ▀▀ ▀██▀▄▄▄▄ ▀ ▄  ▄█ ▀▀███
█▀ █ ▄▀▄██ ▀▀▀█ ▀ ▀▀██▄▀ ▄█▄▄▄ ▄▀▄▄▀▀▀▄▄ █▀█▄▄▄▀▄▄▄▄███▄█▀█
█▀█▄█▀ ▄ ▄ ██▀▀▀▀█  ▀ ▄ ██ ▀▀ █▀▀██▄▀ ▀ ▄▀▀█▄█▀ ▀█▄ ▄ ▄▄▄██
█▀█ ▀  ▄█▄█▀   ██ ▄▀██ ▄▀█▀ ▀▄ ▀▄▀▄▄▄█▄▄ ▄   ▀█▄▄ ▀█▄     █
█▄▀█▀ ▄▄▄▀▄█ █  ▀▄▄▀ ▄▀   █▀▄▀ ▄▀▄ █ ▄▄▀▄  █▀█ █▀█ ▄ ██▄█ █
█ ▄▀ ▄▀▄██▀ ▄█▀█ ▄ ▄█ ██ █▀█▀█▄▄▄▄▄█▄▄▀▀██ ▄▄█ ▄█▄▀▀▄▀ █▄▄█
█▄▄ ▄ ▄▄▄ ▀▀ ▄▄██▀▄▄▀▀█▄▀█▄ ▄▄▄ █ ▄█ ▀█▀▄▄▄ ▄█▄█▀ ▄▄▄ ▀▀▀▀█
█▄█▀█ █▄█  █ ▀ ▀█ █▄█▄▀▀▀██ █▄█ ▄▄▀▀▀█▄▄▄█ █▄     █▄█ █▄▄ █
██▄▄ ▄ ▄▄▄█ ▀▀ ▀█▀ ▄▄▀▀▀▀█▄▄▄▄  ▀   ▀▀▀▄ ▀▀▄▄ ▄█▄▄▄  ▄▄▄█▀█
█▄▄███▄▄█▄█▄█ ▄███▄██▄▄   ▄▀█▄▀▀█▀ ▄▄▀ ▄▀▄█ ▀▀▀▄███▄▄█▄▄█▀█
█▄▀ █▀█▄▀█▀▄ ▀ ▀▀▀█▀▀ ▀█   ▀██ ████▄▄ ▀▀▄ ▀▄▀▄       ▀▀█▄▄█
█▀▄▀██▄▄█ █▄ ██ ███ ▀█▀█ ▄▄████ ▄█ █ ▄▄▀▀▀█▄ ▀ █▀▄▄▀▀▄ ▄███
██▄▀▄█▀▄ ▄█▄█▀▄▄ ▄▀▀  ▄▄▄▀█▀ ▄▄▀▀█▀▄█▀█ ▀▄▀▀▄█▀ ▄▄███▀ ▀█▄█
█▄▀ ▀▀▄▄▀▀▄▄█▀█▀▀ █▀ █▀█ █▀   ▀ █▄▄▀▀▀█▄▄█▀█▄▄▀▀▄▄▄ ▄ ▀▄█ █
█▄▀█▄▀ ▄▄█▄ ▄  ██ █▄ ▀█ ▀▄██▄█▄ ▀█▄█▄▀█▀▀█▀ █▄▀██▀▄█ ▄ ██▀█
█ ▄█▀▀ ▄ █▄████ ▄▄▀▀ █ █▀ █▀▄▄█ ██████▀█▄    ▀█▄▀ ▀ █▄▄▄▄▄█
█ ▀ ▀▀▄▄█  ▄ ▀ ▄   █▀▄▀▀▀▄██▀  ▀▀█▀▄▀█▄▀▄ ▄▀█▀▄▄▄▀ ▄ ▄▄█ ▄█
███████▄█▀ ▄ █ ▀ ▄▄▄▄ ▀██▄█ ▄▄▄  █▄█ ▄  ▀▀ ▄█▀▀█▀ ▄▄▄ ██▀▄█
█ ▄▄▄▄▄ ██▄▀███ ▀▀█ █▀█▄ ▄▄ █▄█ ▀▀ ▀ ▀▀▄▀▀▀▄█▀▀▄▀ █▄█ █  ██
█ █   █ █▀█▄▀ ▀▄▀██▀ ▄▀█ ▀█  ▄  ▀ ▀ ▀█ ▄ ▀█▄  ▄ ▀▄   ▄█▄▀██
█ █▄▄▄█ █ ▄  ▄▄    █▄▀▄██▀▀▀ ▀█▀▄▀  ▀    ▄█▀▄▀▄▄▄▄█ ▄▀▄██▀█
█▄▄▄▄▄▄▄█▄█▄▄█▄▄██▄███▄▄▄▄███████▄████▄█▄▄▄▄██▄▄███▄█▄█▄███

